<< CAP LS
<< NICK ccheyrou
<< USER ccheyrou ccheyrou 127.0.0.1 :Clementine CHEYROU-LAGREZE
>> 433 bob ccheyrou :Nickname is already in use
<< NICK ccheyrou_
>> 001 ccheyrou :Welcome to the Internet Relay Network ccheyrou
<< MODE ccheyrou +i
>> 432 bob ccheyrou_ :Erroneus nickname
<< PING 127.0.0.1
>> PONG :server.name 127.0.0.1
--> lag pong
<< JOIN #ch
>> :bob JOIN #ch
>> 332 bob #ch :TURLUTUTU
>> 353 bob = #ch :@ccheyrou bob
>> 366 bob #ch :End of NAMES list
<< MODE #ch
>> 324 bob #ch it
--> chanquery mode
<< WHO #ch
>> 329 bob #ch 1688478568
--> event 329
